# JRE version: OpenJDK Runtime Environment (8.0_202-b03) (build 1.8.0_202-release-1483-b03)
# Java VM: OpenJDK 64-Bit Server VM (25.202-b03 mixed mode windows-amd64 compressed oops)
Heap:
 PSYoungGen      total 264704K, used 71978K [0x00000000e0000000, 0x00000000f2e80000, 0x0000000100000000)
  eden space 239616K, 20% used [0x00000000e0000000,0x00000000e2ee5778,0x00000000eea00000)
  from space 25088K, 95% used [0x00000000f0580000,0x00000000f1ce5090,0x00000000f1e00000)
  to   space 28160K, 0% used [0x00000000eea00000,0x00000000eea00000,0x00000000f0580000)
 ParOldGen       total 131584K, used 48989K [0x00000000a0000000, 0x00000000a8080000, 0x00000000e0000000)
  object space 131584K, 37% used [0x00000000a0000000,0x00000000a2fd7450,0x00000000a8080000)
 Metaspace       used 93058K, capacity 98072K, committed 98432K, reserved 1134592K
  class space    used 11907K, capacity 12818K, committed 12928K, reserved 1048576K
GC Heap History (10 events):
Event: 3115.986 GC heap before
{Heap before GC invocations=19 (full 3):
 PSYoungGen      total 236544K, used 220021K [0x00000000e0000000, 0x00000000f1880000, 0x0000000100000000)
  eden space 212480K, 100% used [0x00000000e0000000,0x00000000ecf80000,0x00000000ecf80000)
  from space 24064K, 31% used [0x00000000ecf80000,0x00000000ed6dd4b0,0x00000000ee700000)
  to   space 23552K, 0% used [0x00000000f0180000,0x00000000f0180000,0x00000000f1880000)
 ParOldGen       total 131584K, used 48949K [0x00000000a0000000, 0x00000000a8080000, 0x00000000e0000000)
  object space 131584K, 37% used [0x00000000a0000000,0x00000000a2fcd450,0x00000000a8080000)
 Metaspace       used 75907K, capacity 79796K, committed 80000K, reserved 1118208K
  class space    used 9798K, capacity 10530K, committed 10624K, reserved 1048576K
Event: 3116.004 GC heap after
Heap after GC invocations=19 (full 3):
 PSYoungGen      total 250368K, used 7538K [0x00000000e0000000, 0x00000000f1100000, 0x0000000100000000)
  eden space 234496K, 0% used [0x00000000e0000000,0x00000000e0000000,0x00000000ee500000)
  from space 15872K, 47% used [0x00000000f0180000,0x00000000f08dcbf8,0x00000000f1100000)
  to   space 22528K, 0% used [0x00000000ee500000,0x00000000ee500000,0x00000000efb00000)
 ParOldGen       total 131584K, used 48957K [0x00000000a0000000, 0x00000000a8080000, 0x00000000e0000000)
  object space 131584K, 37% used [0x00000000a0000000,0x00000000a2fcf450,0x00000000a8080000)
 Metaspace       used 75907K, capacity 79796K, committed 80000K, reserved 1118208K
  class space    used 9798K, capacity 10530K, committed 10624K, reserved 1048576K
}
Event: 3124.075 GC heap before
{Heap before GC invocations=20 (full 3):
 PSYoungGen      total 250368K, used 242034K [0x00000000e0000000, 0x00000000f1100000, 0x0000000100000000)
  eden space 234496K, 100% used [0x00000000e0000000,0x00000000ee500000,0x00000000ee500000)
  from space 15872K, 47% used [0x00000000f0180000,0x00000000f08dcbf8,0x00000000f1100000)
  to   space 22528K, 0% used [0x00000000ee500000,0x00000000ee500000,0x00000000efb00000)
 ParOldGen       total 131584K, used 48957K [0x00000000a0000000, 0x00000000a8080000, 0x00000000e0000000)
  object space 131584K, 37% used [0x00000000a0000000,0x00000000a2fcf450,0x00000000a8080000)
 Metaspace       used 80511K, capacity 84720K, committed 84992K, reserved 1122304K
  class space    used 10410K, capacity 11210K, committed 11264K, reserved 1048576K
Event: 3124.093 GC heap after
Heap after GC invocations=20 (full 3):
 PSYoungGen      total 240640K, used 14066K [0x00000000e0000000, 0x00000000f0a00000, 0x0000000100000000)
  eden space 226304K, 0% used [0x00000000e0000000,0x00000000e0000000,0x00000000edd00000)
  from space 14336K, 98% used [0x00000000ee500000,0x00000000ef2bca60,0x00000000ef300000)
  to   space 23040K, 0% used [0x00000000ef380000,0x00000000ef380000,0x00000000f0a00000)
 ParOldGen       total 131584K, used 48965K [0x00000000a0000000, 0x00000000a8080000, 0x00000000e0000000)
  object space 131584K, 37% used [0x00000000a0000000,0x00000000a2fd1450,0x00000000a8080000)
 Metaspace       used 80511K, capacity 84720K, committed 84992K, reserved 1122304K
  class space    used 10410K, capacity 11210K, committed 11264K, reserved 1048576K
}
Event: 3126.384 GC heap before
{Heap before GC invocations=21 (full 3):
 PSYoungGen      total 240640K, used 240370K [0x00000000e0000000, 0x00000000f0a00000, 0x0000000100000000)
  eden space 226304K, 100% used [0x00000000e0000000,0x00000000edd00000,0x00000000edd00000)
  from space 14336K, 98% used [0x00000000ee500000,0x00000000ef2bca60,0x00000000ef300000)
  to   space 23040K, 0% used [0x00000000ef380000,0x00000000ef380000,0x00000000f0a00000)
 ParOldGen       total 131584K, used 48965K [0x00000000a0000000, 0x00000000a8080000, 0x00000000e0000000)
  object space 131584K, 37% used [0x00000000a0000000,0x00000000a2fd1450,0x00000000a8080000)
 Metaspace       used 84978K, capacity 89728K, committed 89856K, reserved 1126400K
  class space    used 11075K, capacity 11984K, committed 12032K, reserved 1048576K
Event: 3126.404 GC heap after
Heap after GC invocations=21 (full 3):
 PSYoungGen      total 249856K, used 13397K [0x00000000e0000000, 0x00000000f1800000, 0x0000000100000000)
  eden space 226816K, 0% used [0x00000000e0000000,0x00000000e0000000,0x00000000edd80000)
  from space 23040K, 58% used [0x00000000ef380000,0x00000000f0095680,0x00000000f0a00000)
  to   space 22528K, 0% used [0x00000000edd80000,0x00000000edd80000,0x00000000ef380000)
 ParOldGen       total 131584K, used 48973K [0x00000000a0000000, 0x00000000a8080000, 0x00000000e0000000)
  object space 131584K, 37% used [0x00000000a0000000,0x00000000a2fd3450,0x00000000a8080000)
 Metaspace       used 84978K, capacity 89728K, committed 89856K, reserved 1126400K
  class space    used 11075K, capacity 11984K, committed 12032K, reserved 1048576K
}
Event: 3131.160 GC heap before
{Heap before GC invocations=22 (full 3):
 PSYoungGen      total 249856K, used 240213K [0x00000000e0000000, 0x00000000f1800000, 0x0000000100000000)
  eden space 226816K, 100% used [0x00000000e0000000,0x00000000edd80000,0x00000000edd80000)
  from space 23040K, 58% used [0x00000000ef380000,0x00000000f0095680,0x00000000f0a00000)
  to   space 22528K, 0% used [0x00000000edd80000,0x00000000edd80000,0x00000000ef380000)
 ParOldGen       total 131584K, used 48973K [0x00000000a0000000, 0x00000000a8080000, 0x00000000e0000000)
  object space 131584K, 37% used [0x00000000a0000000,0x00000000a2fd3450,0x00000000a8080000)
 Metaspace       used 92227K, capacity 97180K, committed 97280K, reserved 1134592K
  class space    used 11831K, capacity 12752K, committed 12800K, reserved 1048576K
Event: 3131.192 GC heap after
Heap after GC invocations=22 (full 3):
 PSYoungGen      total 249344K, used 20275K [0x00000000e0000000, 0x00000000f1e00000, 0x0000000100000000)
  eden space 226816K, 0% used [0x00000000e0000000,0x00000000e0000000,0x00000000edd80000)
  from space 22528K, 90% used [0x00000000edd80000,0x00000000ef14ce90,0x00000000ef380000)
  to   space 25088K, 0% used [0x00000000f0580000,0x00000000f0580000,0x00000000f1e00000)
 ParOldGen       total 131584K, used 48981K [0x00000000a0000000, 0x00000000a8080000, 0x00000000e0000000)
  object space 131584K, 37% used [0x00000000a0000000,0x00000000a2fd5450,0x00000000a8080000)
 Metaspace       used 92227K, capacity 97180K, committed 97280K, reserved 1134592K
  class space    used 11831K, capacity 12752K, committed 12800K, reserved 1048576K
}
Event: 3132.366 GC heap before
{Heap before GC invocations=23 (full 3):
 PSYoungGen      total 249344K, used 247091K [0x00000000e0000000, 0x00000000f1e00000, 0x0000000100000000)
  eden space 226816K, 100% used [0x00000000e0000000,0x00000000edd80000,0x00000000edd80000)
  from space 22528K, 90% used [0x00000000edd80000,0x00000000ef14ce90,0x00000000ef380000)
  to   space 25088K, 0% used [0x00000000f0580000,0x00000000f0580000,0x00000000f1e00000)
 ParOldGen       total 131584K, used 48981K [0x00000000a0000000, 0x00000000a8080000, 0x00000000e0000000)
  object space 131584K, 37% used [0x00000000a0000000,0x00000000a2fd5450,0x00000000a8080000)
 Metaspace       used 92986K, capacity 98058K, committed 98176K, reserved 1134592K
  class space    used 11897K, capacity 12815K, committed 12928K, reserved 1048576K
Event: 3132.403 GC heap after
Heap after GC invocations=23 (full 3):
 PSYoungGen      total 264704K, used 23956K [0x00000000e0000000, 0x00000000f2e80000, 0x0000000100000000)
  eden space 239616K, 0% used [0x00000000e0000000,0x00000000e0000000,0x00000000eea00000)
  from space 25088K, 95% used [0x00000000f0580000,0x00000000f1ce5090,0x00000000f1e00000)
  to   space 28160K, 0% used [0x00000000eea00000,0x00000000eea00000,0x00000000f0580000)
 ParOldGen       total 131584K, used 48989K [0x00000000a0000000, 0x00000000a8080000, 0x00000000e0000000)
  object space 131584K, 37% used [0x00000000a0000000,0x00000000a2fd7450,0x00000000a8080000)
 Metaspace       used 92986K, capacity 98058K, committed 98176K, reserved 1134592K
  class space    used 11897K, capacity 12815K, committed 12928K, reserved 1048576K
}

