# JRE version: OpenJDK Runtime Environment (8.0_202-b03) (build 1.8.0_202-release-1483-b03)
# Java VM: OpenJDK 64-Bit Server VM (25.202-b03 mixed mode windows-amd64 compressed oops)
Heap:
 PSYoungGen      total 321536K, used 30152K [0x00000000e0000000, 0x00000000f8280000, 0x0000000100000000)
  eden space 284160K, 6% used [0x00000000e0000000,0x00000000e1275c40,0x00000000f1580000)
  from space 37376K, 30% used [0x00000000f1580000,0x00000000f207c5f0,0x00000000f3a00000)
  to   space 35328K, 0% used [0x00000000f6000000,0x00000000f6000000,0x00000000f8280000)
 ParOldGen       total 141312K, used 91789K [0x00000000a0000000, 0x00000000a8a00000, 0x00000000e0000000)
  object space 141312K, 64% used [0x00000000a0000000,0x00000000a59a36d8,0x00000000a8a00000)
 Metaspace       used 77116K, capacity 80122K, committed 80408K, reserved 1118208K
  class space    used 10330K, capacity 10954K, committed 11048K, reserved 1048576K
GC Heap History (10 events):
Event: 22.952 GC heap before
{Heap before GC invocations=24 (full 3):
 PSYoungGen      total 320000K, used 310723K [0x00000000e0000000, 0x00000000f6480000, 0x0000000100000000)
  eden space 284160K, 100% used [0x00000000e0000000,0x00000000f1580000,0x00000000f1580000)
  from space 35840K, 74% used [0x00000000f3a00000,0x00000000f53f0c18,0x00000000f5d00000)
  to   space 37376K, 0% used [0x00000000f1580000,0x00000000f1580000,0x00000000f3a00000)
 ParOldGen       total 141312K, used 63665K [0x00000000a0000000, 0x00000000a8a00000, 0x00000000e0000000)
  object space 141312K, 45% used [0x00000000a0000000,0x00000000a3e2c590,0x00000000a8a00000)
 Metaspace       used 75835K, capacity 78726K, committed 79000K, reserved 1118208K
  class space    used 10190K, capacity 10800K, committed 10920K, reserved 1048576K
Event: 22.999 GC heap after
Heap after GC invocations=24 (full 3):
 PSYoungGen      total 321536K, used 27795K [0x00000000e0000000, 0x00000000f6480000, 0x0000000100000000)
  eden space 284160K, 0% used [0x00000000e0000000,0x00000000e0000000,0x00000000f1580000)
  from space 37376K, 74% used [0x00000000f1580000,0x00000000f30a4df0,0x00000000f3a00000)
  to   space 35840K, 0% used [0x00000000f3a00000,0x00000000f3a00000,0x00000000f5d00000)
 ParOldGen       total 141312K, used 69381K [0x00000000a0000000, 0x00000000a8a00000, 0x00000000e0000000)
  object space 141312K, 49% used [0x00000000a0000000,0x00000000a43c15d0,0x00000000a8a00000)
 Metaspace       used 75835K, capacity 78726K, committed 79000K, reserved 1118208K
  class space    used 10190K, capacity 10800K, committed 10920K, reserved 1048576K
}
Event: 24.149 GC heap before
{Heap before GC invocations=25 (full 3):
 PSYoungGen      total 321536K, used 311955K [0x00000000e0000000, 0x00000000f6480000, 0x0000000100000000)
  eden space 284160K, 100% used [0x00000000e0000000,0x00000000f1580000,0x00000000f1580000)
  from space 37376K, 74% used [0x00000000f1580000,0x00000000f30a4df0,0x00000000f3a00000)
  to   space 35840K, 0% used [0x00000000f3a00000,0x00000000f3a00000,0x00000000f5d00000)
 ParOldGen       total 141312K, used 69381K [0x00000000a0000000, 0x00000000a8a00000, 0x00000000e0000000)
  object space 141312K, 49% used [0x00000000a0000000,0x00000000a43c15d0,0x00000000a8a00000)
 Metaspace       used 75988K, capacity 78950K, committed 79256K, reserved 1118208K
  class space    used 10202K, capacity 10804K, committed 10920K, reserved 1048576K
Event: 24.217 GC heap after
Heap after GC invocations=25 (full 3):
 PSYoungGen      total 320000K, used 20737K [0x00000000e0000000, 0x00000000f6480000, 0x0000000100000000)
  eden space 284160K, 0% used [0x00000000e0000000,0x00000000e0000000,0x00000000f1580000)
  from space 35840K, 57% used [0x00000000f3a00000,0x00000000f4e40730,0x00000000f5d00000)
  to   space 37376K, 0% used [0x00000000f1580000,0x00000000f1580000,0x00000000f3a00000)
 ParOldGen       total 141312K, used 75414K [0x00000000a0000000, 0x00000000a8a00000, 0x00000000e0000000)
  object space 141312K, 53% used [0x00000000a0000000,0x00000000a49a5bb0,0x00000000a8a00000)
 Metaspace       used 75988K, capacity 78950K, committed 79256K, reserved 1118208K
  class space    used 10202K, capacity 10804K, committed 10920K, reserved 1048576K
}
Event: 26.596 GC heap before
{Heap before GC invocations=26 (full 3):
 PSYoungGen      total 320000K, used 304897K [0x00000000e0000000, 0x00000000f6480000, 0x0000000100000000)
  eden space 284160K, 100% used [0x00000000e0000000,0x00000000f1580000,0x00000000f1580000)
  from space 35840K, 57% used [0x00000000f3a00000,0x00000000f4e40730,0x00000000f5d00000)
  to   space 37376K, 0% used [0x00000000f1580000,0x00000000f1580000,0x00000000f3a00000)
 ParOldGen       total 141312K, used 75414K [0x00000000a0000000, 0x00000000a8a00000, 0x00000000e0000000)
  object space 141312K, 53% used [0x00000000a0000000,0x00000000a49a5bb0,0x00000000a8a00000)
 Metaspace       used 76160K, capacity 79146K, committed 79256K, reserved 1118208K
  class space    used 10216K, capacity 10842K, committed 10920K, reserved 1048576K
Event: 26.627 GC heap after
Heap after GC invocations=26 (full 3):
 PSYoungGen      total 321536K, used 11876K [0x00000000e0000000, 0x00000000f6480000, 0x0000000100000000)
  eden space 284160K, 0% used [0x00000000e0000000,0x00000000e0000000,0x00000000f1580000)
  from space 37376K, 31% used [0x00000000f1580000,0x00000000f21193b0,0x00000000f3a00000)
  to   space 35840K, 0% used [0x00000000f3a00000,0x00000000f3a00000,0x00000000f5d00000)
 ParOldGen       total 141312K, used 83252K [0x00000000a0000000, 0x00000000a8a00000, 0x00000000e0000000)
  object space 141312K, 58% used [0x00000000a0000000,0x00000000a514d3c0,0x00000000a8a00000)
 Metaspace       used 76160K, capacity 79146K, committed 79256K, reserved 1118208K
  class space    used 10216K, capacity 10842K, committed 10920K, reserved 1048576K
}
Event: 27.512 GC heap before
{Heap before GC invocations=27 (full 3):
 PSYoungGen      total 321536K, used 296036K [0x00000000e0000000, 0x00000000f6480000, 0x0000000100000000)
  eden space 284160K, 100% used [0x00000000e0000000,0x00000000f1580000,0x00000000f1580000)
  from space 37376K, 31% used [0x00000000f1580000,0x00000000f21193b0,0x00000000f3a00000)
  to   space 35840K, 0% used [0x00000000f3a00000,0x00000000f3a00000,0x00000000f5d00000)
 ParOldGen       total 141312K, used 83252K [0x00000000a0000000, 0x00000000a8a00000, 0x00000000e0000000)
  object space 141312K, 58% used [0x00000000a0000000,0x00000000a514d3c0,0x00000000a8a00000)
 Metaspace       used 76422K, capacity 79378K, committed 79512K, reserved 1118208K
  class space    used 10251K, capacity 10864K, committed 10920K, reserved 1048576K
Event: 27.545 GC heap after
Heap after GC invocations=27 (full 3):
 PSYoungGen      total 320000K, used 13652K [0x00000000e0000000, 0x00000000f6480000, 0x0000000100000000)
  eden space 284160K, 0% used [0x00000000e0000000,0x00000000e0000000,0x00000000f1580000)
  from space 35840K, 38% used [0x00000000f3a00000,0x00000000f4755078,0x00000000f5d00000)
  to   space 37376K, 0% used [0x00000000f1580000,0x00000000f1580000,0x00000000f3a00000)
 ParOldGen       total 141312K, used 88697K [0x00000000a0000000, 0x00000000a8a00000, 0x00000000e0000000)
  object space 141312K, 62% used [0x00000000a0000000,0x00000000a569e658,0x00000000a8a00000)
 Metaspace       used 76422K, capacity 79378K, committed 79512K, reserved 1118208K
  class space    used 10251K, capacity 10864K, committed 10920K, reserved 1048576K
}
Event: 28.502 GC heap before
{Heap before GC invocations=28 (full 3):
 PSYoungGen      total 320000K, used 297812K [0x00000000e0000000, 0x00000000f6480000, 0x0000000100000000)
  eden space 284160K, 100% used [0x00000000e0000000,0x00000000f1580000,0x00000000f1580000)
  from space 35840K, 38% used [0x00000000f3a00000,0x00000000f4755078,0x00000000f5d00000)
  to   space 37376K, 0% used [0x00000000f1580000,0x00000000f1580000,0x00000000f3a00000)
 ParOldGen       total 141312K, used 88697K [0x00000000a0000000, 0x00000000a8a00000, 0x00000000e0000000)
  object space 141312K, 62% used [0x00000000a0000000,0x00000000a569e658,0x00000000a8a00000)
 Metaspace       used 76994K, capacity 80054K, committed 80152K, reserved 1118208K
  class space    used 10324K, capacity 10954K, committed 11048K, reserved 1048576K
Event: 28.523 GC heap after
Heap after GC invocations=28 (full 3):
 PSYoungGen      total 321536K, used 11249K [0x00000000e0000000, 0x00000000f8280000, 0x0000000100000000)
  eden space 284160K, 0% used [0x00000000e0000000,0x00000000e0000000,0x00000000f1580000)
  from space 37376K, 30% used [0x00000000f1580000,0x00000000f207c5f0,0x00000000f3a00000)
  to   space 35328K, 0% used [0x00000000f6000000,0x00000000f6000000,0x00000000f8280000)
 ParOldGen       total 141312K, used 91789K [0x00000000a0000000, 0x00000000a8a00000, 0x00000000e0000000)
  object space 141312K, 64% used [0x00000000a0000000,0x00000000a59a36d8,0x00000000a8a00000)
 Metaspace       used 76994K, capacity 80054K, committed 80152K, reserved 1118208K
  class space    used 10324K, capacity 10954K, committed 11048K, reserved 1048576K
}

